<?xml version="1.0" encoding="UTF-8"?>
<!-- Generated by org.testng.reporters.JUnitXMLReporter -->
<testsuite ignored="1" hostname="VIKRAMRAJA" failures="0" tests="20" name="FirefoxSuit" time="11.272" errors="0" timestamp="2025-11-06T20:17:15 IST">
  <testcase classname="com.orange.test.AddEmployeeTest" name="addEmployeeAdmin" time="0.014">
    <skipped/>
  </testcase> <!-- addEmployeeAdmin -->
  <testcase classname="com.orange.test.AddEmployeeTest" name="addEmployeeAdmin" time="0.0">
    <skipped/>
  </testcase> <!-- addEmployeeAdmin -->
  <testcase classname="com.orange.test.AddEmployeeTest" name="addEmployeeAdmin" time="0.0">
    <skipped/>
  </testcase> <!-- addEmployeeAdmin -->
  <testcase classname="com.orange.test.AddEmployeeTest" name="addEmployeeAdmin" time="0.0">
    <skipped/>
  </testcase> <!-- addEmployeeAdmin -->
  <testcase classname="com.orange.test.AddEmployeeTest" name="addEmployeeAdmin" time="0.0">
    <skipped/>
  </testcase> <!-- addEmployeeAdmin -->
  <testcase classname="com.orange.test.AddEmployeeTest" name="addEmployeeAdmin" time="0.001">
    <skipped/>
  </testcase> <!-- addEmployeeAdmin -->
  <testcase classname="com.orange.test.AddEmployeeTest" name="addEmployeeAdmin" time="0.002">
    <skipped/>
  </testcase> <!-- addEmployeeAdmin -->
  <testcase classname="com.orange.test.AddEmployeeTest" name="addEmployeeAdmin" time="0.0">
    <skipped/>
  </testcase> <!-- addEmployeeAdmin -->
  <testcase classname="com.orange.test.AddEmployeeTest" name="addEmployeeAdmin" time="0.0">
    <skipped/>
  </testcase> <!-- addEmployeeAdmin -->
  <testcase classname="com.orange.test.AddEmployeeTest" name="addEmployeeAdmin" time="0.0">
    <skipped/>
  </testcase> <!-- addEmployeeAdmin -->
  <testcase classname="com.orange.test.AddEmployeeTest" name="addEmployeeAdmin" time="0.0">
    <skipped/>
  </testcase> <!-- addEmployeeAdmin -->
  <testcase classname="com.orange.test.AddEmployeeTest" name="addEmployeeAdmin" time="0.001">
    <skipped/>
  </testcase> <!-- addEmployeeAdmin -->
  <testcase classname="com.orange.test.AddEmployeeTest" name="addEmployeeAdmin" time="0.0">
    <skipped/>
  </testcase> <!-- addEmployeeAdmin -->
  <testcase classname="com.orange.test.AddEmployeeTest" name="addEmployeeAdmin" time="0.001">
    <skipped/>
  </testcase> <!-- addEmployeeAdmin -->
  <testcase classname="com.orange.test.AddEmployeeTest" name="addEmployeeAdmin" time="0.0">
    <skipped/>
  </testcase> <!-- addEmployeeAdmin -->
  <testcase classname="com.orange.test.AddEmployeeTest" name="addEmployeeAdmin" time="0.0">
    <skipped/>
  </testcase> <!-- addEmployeeAdmin -->
  <testcase classname="com.orange.test.AddEmployeeTest" name="addEmployeeAdmin" time="0.0">
    <skipped/>
  </testcase> <!-- addEmployeeAdmin -->
  <testcase classname="com.orange.test.AddEmployeeTest" name="addEmployeeAdmin" time="0.0">
    <skipped/>
  </testcase> <!-- addEmployeeAdmin -->
  <testcase classname="com.orange.test.AddEmployeeTest" name="addEmployeeAdmin" time="0.0">
    <skipped/>
  </testcase> <!-- addEmployeeAdmin -->
  <testcase classname="com.orange.test.AddEmployeeTest" name="addEmployeeAdmin" time="0.0">
    <skipped/>
  </testcase> <!-- addEmployeeAdmin -->
  <testcase classname="com.orange.test.LoginOrangeTest" name="Login" time="0.0">
    <ignored/>
  </testcase> <!-- Login -->
</testsuite> <!-- FirefoxSuit -->
