<?xml version="1.0" encoding="UTF-8"?>
<testng-results ignored="0" total="1" passed="1" failed="0" skipped="0">
  <reporter-output>
  </reporter-output>
  <suite started-at="2025-11-13T19:58:39 IST" name="Default suite" finished-at="2025-11-13T19:59:01 IST" duration-ms="21794">
    <groups>
    </groups>
    <test started-at="2025-11-13T19:58:39 IST" name="Default test" finished-at="2025-11-13T19:59:01 IST" duration-ms="21794">
      <class name="com.orange.test.FlipcartSearch">
        <test-method signature="login()[pri:0, instance:com.orange.test.FlipcartSearch@74e52ef6]" started-at="2025-11-13T19:58:39 IST" name="login" finished-at="2025-11-13T19:59:01 IST" duration-ms="21719" status="PASS">
          <reporter-output>
          </reporter-output>
        </test-method> <!-- login -->
      </class> <!-- com.orange.test.FlipcartSearch -->
    </test> <!-- Default test -->
  </suite> <!-- Default suite -->
</testng-results>
