<?xml version="1.0" encoding="UTF-8"?>
<!-- Generated by org.testng.reporters.JUnitReportReporter -->
<testsuite hostname="VIKRAMRAJA" failures="0" tests="6" name="com.orange.test.UpdateEmployee" time="11.334" errors="1" timestamp="2025-11-06T18:55:14 IST" skipped="3">
  <testcase classname="com.orange.test.UpdateEmployee" name="login" time="0.680"/>
  <testcase classname="com.orange.test.UpdateEmployee" name="mailValidate" time="0.638"/>
  <testcase classname="com.orange.test.UpdateEmployee" name="canReceiveConfirmationEmail" time="10.016">
    <error message="Message: java.net.SocketTimeoutException: timeout
HTTP response code: 0
HTTP response body: null
HTTP response headers: null" type="com.mailslurp.clients.ApiException">
      <![CDATA[com.mailslurp.clients.ApiException: Message: java.net.SocketTimeoutException: timeout
HTTP response code: 0
HTTP response body: null
HTTP response headers: null
at com.mailslurp.clients.ApiClient.execute(ApiClient.java:1071)
at com.mailslurp.apis.WaitForControllerApi.waitForLatestEmailWithHttpInfo(WaitForControllerApi.java:594)
at com.mailslurp.apis.WaitForControllerApi.access$900(WaitForControllerApi.java:47)
at com.mailslurp.apis.WaitForControllerApi$APIwaitForLatestEmailRequest.execute(WaitForControllerApi.java:722)
at com.orange.test.UpdateEmployee.canReceiveConfirmationEmail(UpdateEmployee.java:79)
at java.base/jdk.internal.reflect.NativeMethodAccessorImpl.invoke0(Native Method)
at java.base/jdk.internal.reflect.NativeMethodAccessorImpl.invoke(NativeMethodAccessorImpl.java:77)
at java.base/jdk.internal.reflect.DelegatingMethodAccessorImpl.invoke(DelegatingMethodAccessorImpl.java:43)
at java.base/java.lang.reflect.Method.invoke(Method.java:568)
at org.testng.internal.invokers.MethodInvocationHelper.invokeMethod(MethodInvocationHelper.java:141)
at org.testng.internal.invokers.TestInvoker.invokeMethod(TestInvoker.java:687)
at org.testng.internal.invokers.TestInvoker.invokeTestMethod(TestInvoker.java:230)
at org.testng.internal.invokers.MethodRunner.runInSequence(MethodRunner.java:63)
at org.testng.internal.invokers.TestInvoker$MethodInvocationAgent.invoke(TestInvoker.java:995)
at org.testng.internal.invokers.TestInvoker.invokeTestMethods(TestInvoker.java:203)
at org.testng.internal.invokers.TestMethodWorker.invokeTestMethods(TestMethodWorker.java:154)
at org.testng.internal.invokers.TestMethodWorker.run(TestMethodWorker.java:134)
at java.base/java.util.ArrayList.forEach(ArrayList.java:1511)
at org.testng.TestRunner.privateRun(TestRunner.java:741)
at org.testng.TestRunner.run(TestRunner.java:616)
at org.testng.SuiteRunner.runTest(SuiteRunner.java:421)
at org.testng.SuiteRunner.runSequentially(SuiteRunner.java:413)
at org.testng.SuiteRunner.privateRun(SuiteRunner.java:373)
at org.testng.SuiteRunner.run(SuiteRunner.java:312)
at org.testng.SuiteRunnerWorker.runSuite(SuiteRunnerWorker.java:52)
at org.testng.SuiteRunnerWorker.run(SuiteRunnerWorker.java:95)
at org.testng.TestNG.runSuitesSequentially(TestNG.java:1274)
at org.testng.TestNG.runSuitesLocally(TestNG.java:1208)
at org.testng.TestNG.runSuites(TestNG.java:1112)
at org.testng.TestNG.run(TestNG.java:1079)
at org.testng.remote.AbstractRemoteTestNG.run(AbstractRemoteTestNG.java:115)
at org.testng.remote.RemoteTestNG.initAndRun(RemoteTestNG.java:293)
at org.testng.remote.RemoteTestNG.main(RemoteTestNG.java:91)
Caused by: java.net.SocketTimeoutException: timeout
at okhttp3.internal.http2.Http2Stream$StreamTimeout.newTimeoutException(Http2Stream.kt:675)
at okhttp3.internal.http2.Http2Stream$StreamTimeout.exitAndThrowIfTimedOut(Http2Stream.kt:684)
at okhttp3.internal.http2.Http2Stream.takeHeaders(Http2Stream.kt:143)
at okhttp3.internal.http2.Http2ExchangeCodec.readResponseHeaders(Http2ExchangeCodec.kt:97)
at okhttp3.internal.connection.Exchange.readResponseHeaders(Exchange.kt:110)
at okhttp3.internal.http.CallServerInterceptor.intercept(CallServerInterceptor.kt:93)
at okhttp3.internal.http.RealInterceptorChain.proceed(RealInterceptorChain.kt:109)
at com.mailslurp.clients.ApiClient$2.intercept(ApiClient.java:1479)
at okhttp3.internal.http.RealInterceptorChain.proceed(RealInterceptorChain.kt:109)
at okhttp3.internal.connection.ConnectInterceptor.intercept(ConnectInterceptor.kt:34)
at okhttp3.internal.http.RealInterceptorChain.proceed(RealInterceptorChain.kt:109)
at okhttp3.internal.cache.CacheInterceptor.intercept(CacheInterceptor.kt:95)
at okhttp3.internal.http.RealInterceptorChain.proceed(RealInterceptorChain.kt:109)
at okhttp3.internal.http.BridgeInterceptor.intercept(BridgeInterceptor.kt:83)
at okhttp3.internal.http.RealInterceptorChain.proceed(RealInterceptorChain.kt:109)
at okhttp3.internal.http.RetryAndFollowUpInterceptor.intercept(RetryAndFollowUpInterceptor.kt:76)
at okhttp3.internal.http.RealInterceptorChain.proceed(RealInterceptorChain.kt:109)
at okhttp3.internal.connection.RealCall.getResponseWithInterceptorChain$okhttp(RealCall.kt:201)
at okhttp3.internal.connection.RealCall.execute(RealCall.kt:154)
at com.mailslurp.clients.ApiClient.execute(ApiClient.java:1067)
... 32 more
]]>
    </error>
  </testcase> <!-- canReceiveConfirmationEmail -->
  <testcase classname="com.orange.test.UpdateEmployee" name="canExtractConfirmationCodeFromEmail" time="0.000">
    <skipped/>
  </testcase> <!-- canExtractConfirmationCodeFromEmail -->
  <testcase classname="com.orange.test.UpdateEmployee" name="canSubmitVerificationCodeToPlayground" time="0.000">
    <skipped/>
  </testcase> <!-- canSubmitVerificationCodeToPlayground -->
  <testcase classname="com.orange.test.UpdateEmployee" name="canLoginWithConfirmedUser" time="0.000">
    <skipped/>
  </testcase> <!-- canLoginWithConfirmedUser -->
</testsuite> <!-- com.orange.test.UpdateEmployee -->
