<?xml version="1.0" encoding="UTF-8"?>
<!-- Generated by org.testng.reporters.JUnitReportReporter -->
<testsuite hostname="VIKRAMRAJA" failures="0" tests="3" name="com.orange.test.upLoginTest" time="1.049" errors="0" timestamp="2025-11-28T11:06:01 IST" skipped="1">
  <testcase classname="com.orange.test.upLoginTest" name="fieldsValidated" time="0.990"/>
  <testcase classname="com.orange.test.upLoginTest" name="forgotPassswordColor" time="0.059"/>
  <testcase classname="com.orange.test.upLoginTest" name="loginUsing">
    <skipped/>
  </testcase> <!-- loginUsing -->
</testsuite> <!-- com.orange.test.upLoginTest -->
